[2026-01-06 12:26:49] [SENT] TO:amanibahromaric@yahoo.fr | SUBJECT:RDV confirmé – RDV-EST63

                
                   La demande de Rendez-vous RDV-EST63 - n° 33524 du 08/01/2026 vous a été affectée pour traitement .
                
                
                Détails du rendez-vous :
                        
                            
                                        Nom et Prenom  : Yapo Jean
                                        Contact  : 0758817235
                                        Date RDV : 08/01/2026
                                        Motif : Dénonciation
                                        Code RDV : RDV-EST63
                                        Id du contrat : 2259414
                                        Ville RDV : ABIDJAN
                                    
                        
                        
                                    
                                        Merci de vous connecter à la plateforme de gestion des RDV pour le traitement.
                                        
                                        
                                            Plateforme de gestion des RDV
                                        
                                        
                                    
                

[2026-01-06 12:26:50] [SENT] TO:bruce.yapo@yakoafricassur.com | SUBJECT:RDV confirmé – RDV-EST63

                
                    Votre demande de rendez-vous RDV-EST63 a bien été confirmé.
                
                Détails du rendez-vous :
                        
                            Date : 08/01/2026
                            Motif : Dénonciation
                            Contrat : 2259414
                            Ville : ABIDJAN
                        
                        
                            Gestionnaire : AMANI BAH ROMARIC 2
                            Téléphone : 0759178034
                        

                

[2026-01-06 12:26:54] [SENT] TO:amanibahromaric@yahoo.fr | SUBJECT:RDV confirmé – RDV-EST63

                
                   La demande de Rendez-vous RDV-EST63 - n° 33524 du 08/01/2026 vous a été affectée pour traitement .
                
                
                Détails du rendez-vous :
                        
                            
                                        Nom et Prenom  : Yapo Jean
                                        Contact  : 0758817235
                                        Date RDV : 08/01/2026
                                        Motif : Dénonciation
                                        Code RDV : RDV-EST63
                                        Id du contrat : 2259414
                                        Ville RDV : ABIDJAN
                                    
                        
                        
                                    
                                        Merci de vous connecter à la plateforme de gestion des RDV pour le traitement.
                                        
                                        
                                            Plateforme de gestion des RDV
                                        
                                        
                                    
                

[2026-01-06 12:26:55] [SENT] TO:bruce.yapo@yakoafricassur.com | SUBJECT:RDV confirmé – RDV-EST63

                
                    Votre demande de rendez-vous RDV-EST63 a bien été confirmé.
                
                Détails du rendez-vous :
                        
                            Date : 08/01/2026
                            Motif : Dénonciation
                            Contrat : 2259414
                            Ville : ABIDJAN
                        
                        
                            Gestionnaire : AMANI BAH ROMARIC 2
                            Téléphone : 0759178034
                        

                

[2026-01-06 12:30:40] [SENT] TO:amanibahromaric@yahoo.fr | SUBJECT:RDV confirmé – RDV-EST63

                
                   La demande de Rendez-vous RDV-EST63 - n° 33524 du 14/01/2026 vous a été affectée pour traitement .
                
                
                Détails du rendez-vous :
                        
                            
                                        Nom et Prenom  : Yapo Jean
                                        Contact  : 0758817235
                                        Date RDV : 14/01/2026
                                        Motif : Dénonciation
                                        Code RDV : RDV-EST63
                                        Id du contrat : 2259414
                                        Ville RDV : ABIDJAN
                                    
                        
                        
                                    
                                        Merci de vous connecter à la plateforme de gestion des RDV pour le traitement.
                                        
                                        
                                            Plateforme de gestion des RDV
                                        
                                        
                                    
                

[2026-01-06 12:30:40] [SENT] TO:bruce.yapo@yakoafricassur.com | SUBJECT:RDV confirmé – RDV-EST63

                
                    Votre demande de rendez-vous RDV-EST63 a bien été confirmé.
                
                Détails du rendez-vous :
                        
                            Date : 14/01/2026
                            Motif : Dénonciation
                            Contrat : 2259414
                            Ville : ABIDJAN
                        
                        
                            Gestionnaire : AMANI BAH ROMARIC 2
                            Téléphone : 0759178034
                        

                

[2026-01-06 14:54:17] [SENT] TO:amanibahromaric@yahoo.fr | SUBJECT:RDV confirmé – KB2CW

                
                   La demande de Rendez-vous KB2CW - n° 32279 du 08/01/2026 vous a été affectée pour traitement .
                
                
                Détails du rendez-vous :
                        
                            
                                        Nom et Prenom  : KOUAKOU YAO ELISEE
                                        Contact  : 0707152941
                                        Date RDV : 08/01/2026
                                        Motif : Terme
                                        Code RDV : KB2CW
                                        Id du contrat : 2231432
                                        Ville RDV : ABIDJAN
                                    
                        
                        
                                    
                                        Merci de vous connecter à la plateforme de gestion des RDV pour le traitement.
                                        
                                        
                                            Plateforme de gestion des RDV
                                        
                                        
                                    
                

[2026-01-06 14:54:17] [SENT] TO: | SUBJECT:RDV confirmé – KB2CW

                
                    Votre demande de rendez-vous KB2CW a bien été confirmé.
                
                Détails du rendez-vous :
                        
                            Date : 08/01/2026
                            Motif : Terme
                            Contrat : 2231432
                            Ville : ABIDJAN
                        
                        
                            Gestionnaire : AMANI BAH ROMARIC 2
                            Téléphone : 0759178034
                        

                

