[2026-01-05 11:33:38] [SENT] TO:gggg@ttt.com | SUBJECT:RDV confirmé – RDV-HFLVTQ

                
                    Votre demande de rendez-vous RDV-HFLVTQ a bien été transmise.
                
                
                    Date : 05/01/2026
                    Motif : Renonciation
                    Contrat : 12345
                
                

[2026-01-05 11:34:46] [SENT] TO:gggg@ttt.com | SUBJECT:RDV confirmé – RDV-HFLVTQ

                
                    Votre demande de rendez-vous RDV-HFLVTQ a bien été transmise.
                
                
                    Date : 05/01/2026
                    Motif : Renonciation
                    Contrat : 12345
                
                

[2026-01-05 11:34:55] [SENT] TO:gggg@ttt.com | SUBJECT:RDV confirmé – RDV-HFLVTQ

                
                    Votre demande de rendez-vous RDV-HFLVTQ a bien été transmise.
                
                
                    Date : 05/01/2026
                    Motif : Renonciation
                    Contrat : 12345
                
                

[2026-01-05 11:35:21] [SENT] TO:gggg@ttt.com | SUBJECT:RDV confirmé – RDV-HFLVTQ

                
                    Votre demande de rendez-vous RDV-HFLVTQ a bien été transmise.
                
                
                    Date : 05/01/2026
                    Motif : Renonciation
                    Contrat : 12345
                
                

[2026-01-05 11:37:27] [SENT] TO:gggg@ttt.com | SUBJECT:RDV confirmé – RDV-HFLVTQ

                
                    Votre demande de rendez-vous RDV-HFLVTQ a bien été confirmé.
                
                
                    Date : 05/01/2026
                    Motif : Renonciation
                    Contrat : 12345
                
                

[2026-01-05 11:38:15] [SENT] TO:gggg@ttt.com | SUBJECT:RDV confirmé – RDV-HFLVTQ

                
                    Votre demande de rendez-vous RDV-HFLVTQ a bien été confirmé.
                
                
                    Date : 05/01/2026
                    Motif : Renonciation
                    Contrat : 12345
                

                Détails du rendez-vous :
                        
                            Date : 05/01/2026
                            Motif : Renonciation
                            Contrat : 12345
                            Ville : ABIDJAN
                        
                        
                            Gestionnaire : AMANI BAH ROMARIC 2
                            Téléphone : 
                        
                        
                

[2026-01-05 11:39:39] [SENT] TO:gggg@ttt.com | SUBJECT:RDV confirmé – RDV-HFLVTQ

                
                    Votre demande de rendez-vous RDV-HFLVTQ a bien été confirmé.
                
                
                    Date : 05/01/2026
                    Motif : Renonciation
                    Contrat : 12345
                

                Détails du rendez-vous :
                        
                            Date : 05/01/2026
                            Motif : Renonciation
                            Contrat : 12345
                            Ville : ABIDJAN
                        
                        
                            Gestionnaire : AMANI BAH ROMARIC 2
                            Téléphone : 0759178034
                        

                

[2026-01-05 11:40:43] [SENT] TO:gggg@ttt.com | SUBJECT:RDV confirmé – RDV-HFLVTQ

                
                    Votre demande de rendez-vous RDV-HFLVTQ a bien été confirmé.
                
                Détails du rendez-vous :
                        
                            Date : 05/01/2026
                            Motif : Renonciation
                            Contrat : 12345
                            Ville : ABIDJAN
                        
                        
                            Gestionnaire : AMANI BAH ROMARIC 2
                            Téléphone : 0759178034
                        

                

[2026-01-05 11:41:37] [SENT] TO:gggg@ttt.com | SUBJECT:RDV confirmé – RDV-HFLVTQ

                
                    Votre demande de rendez-vous RDV-HFLVTQ a bien été confirmé.
                
                Détails du rendez-vous :
                        
                            Date : 05/01/2026
                            Motif : Renonciation
                            Contrat : 12345
                            Ville : ABIDJAN
                        
                        
                            Gestionnaire : AMANI BAH ROMARIC 2
                            Téléphone : 0759178034
                        

                

[2026-01-05 11:42:19] [SENT] TO:gggg@ttt.com | SUBJECT:RDV confirmé – RDV-HFLVTQ

                
                    Votre demande de rendez-vous RDV-HFLVTQ a bien été confirmé.
                
                Détails du rendez-vous :
                        
                            Date : 05/01/2026
                            Motif : Renonciation
                            Contrat : 12345
                            Ville : ABIDJAN
                        
                        
                            Gestionnaire : AMANI BAH ROMARIC 2
                            Téléphone : 0759178034
                        

                

[2026-01-05 11:45:14] [SENT] TO:gggg@ttt.com | SUBJECT:RDV confirmé – RDV-HFLVTQ

                
                   La demande de Rendez-vous RDV-HFLVTQ - n° 33544 du 05/01/2026 vous a été affectée pour traitement .
                
                
                Détails du rendez-vous :
                        
                            Date : 05/01/2026
                            Motif : Renonciation
                            Contrat : 12345
                            Ville : ABIDJAN
                        
                        
                            Gestionnaire : AMANI BAH ROMARIC 2
                            Téléphone : 0759178034
                        

                

[2026-01-05 11:45:14] [SENT] TO:gggg@ttt.com | SUBJECT:RDV confirmé – RDV-HFLVTQ

                
                    Votre demande de rendez-vous RDV-HFLVTQ a bien été confirmé.
                
                Détails du rendez-vous :
                        
                            Date : 05/01/2026
                            Motif : Renonciation
                            Contrat : 12345
                            Ville : ABIDJAN
                        
                        
                            Gestionnaire : AMANI BAH ROMARIC 2
                            Téléphone : 0759178034
                        

                

[2026-01-05 11:45:34] [SENT] TO:gggg@ttt.com | SUBJECT:RDV confirmé – RDV-HFLVTQ

                
                   La demande de Rendez-vous RDV-HFLVTQ - n° 33544 du 05/01/2026 vous a été affectée pour traitement .
                
                
                Détails du rendez-vous :
                        
                            Date : 05/01/2026
                            Motif : Renonciation
                            Contrat : 12345
                            Ville : ABIDJAN
                        
                        
                            Gestionnaire : AMANI BAH ROMARIC 2
                            Téléphone : 0759178034
                        

                

[2026-01-05 11:45:34] [SENT] TO:gggg@ttt.com | SUBJECT:RDV confirmé – RDV-HFLVTQ

                
                    Votre demande de rendez-vous RDV-HFLVTQ a bien été confirmé.
                
                Détails du rendez-vous :
                        
                            Date : 05/01/2026
                            Motif : Renonciation
                            Contrat : 12345
                            Ville : ABIDJAN
                        
                        
                            Gestionnaire : AMANI BAH ROMARIC 2
                            Téléphone : 0759178034
                        

                

[2026-01-05 11:46:20] [SENT] TO:gggg@ttt.com | SUBJECT:RDV confirmé – RDV-HFLVTQ

                
                   La demande de Rendez-vous RDV-HFLVTQ - n° 33544 du 05/01/2026 vous a été affectée pour traitement .
                
                
                Détails du rendez-vous :
                        
                            Date : 05/01/2026
                            Motif : Renonciation
                            Contrat : 12345
                            Ville : ABIDJAN
                        
                        
                            
                                        Nom et Prenom  : KOUAKOU KOUAME YVES
                                        Contact  : 0758407197
                                        Date RDV : 05/01/2026
                                        Motif : Renonciation
                                        Code RDV : RDV-HFLVTQ
                                        Id du contrat : 12345
                                        Ville RDV : ABIDJAN
                                    
                        

                

[2026-01-05 11:46:20] [SENT] TO:gggg@ttt.com | SUBJECT:RDV confirmé – RDV-HFLVTQ

                
                    Votre demande de rendez-vous RDV-HFLVTQ a bien été confirmé.
                
                Détails du rendez-vous :
                        
                            Date : 05/01/2026
                            Motif : Renonciation
                            Contrat : 12345
                            Ville : ABIDJAN
                        
                        
                            Gestionnaire : AMANI BAH ROMARIC 2
                            Téléphone : 0759178034
                        

                

[2026-01-05 11:46:47] [SENT] TO:gggg@ttt.com | SUBJECT:RDV confirmé – RDV-HFLVTQ

                
                   La demande de Rendez-vous RDV-HFLVTQ - n° 33544 du 05/01/2026 vous a été affectée pour traitement .
                
                
                Détails du rendez-vous :
                        
                        
                            
                                        Nom et Prenom  : KOUAKOU KOUAME YVES
                                        Contact  : 0758407197
                                        Date RDV : 05/01/2026
                                        Motif : Renonciation
                                        Code RDV : RDV-HFLVTQ
                                        Id du contrat : 12345
                                        Ville RDV : ABIDJAN
                                    
                        

                

[2026-01-05 11:46:47] [SENT] TO:gggg@ttt.com | SUBJECT:RDV confirmé – RDV-HFLVTQ

                
                    Votre demande de rendez-vous RDV-HFLVTQ a bien été confirmé.
                
                Détails du rendez-vous :
                        
                            Date : 05/01/2026
                            Motif : Renonciation
                            Contrat : 12345
                            Ville : ABIDJAN
                        
                        
                            Gestionnaire : AMANI BAH ROMARIC 2
                            Téléphone : 0759178034
                        

                

[2026-01-05 11:54:36] [SENT] TO:amanibahromaric@yahoo.fr | SUBJECT:RDV confirmé – RDV-HFLVTQ

                
                   La demande de Rendez-vous RDV-HFLVTQ - n° 33544 du 05/01/2026 vous a été affectée pour traitement .
                
                
                Détails du rendez-vous :
                        
                            
                                        Nom et Prenom  : KOUAKOU KOUAME YVES
                                        Contact  : 0758407197
                                        Date RDV : 05/01/2026
                                        Motif : Renonciation
                                        Code RDV : RDV-HFLVTQ
                                        Id du contrat : 12345
                                        Ville RDV : ABIDJAN
                                    
                        
                

[2026-01-05 11:54:36] [SENT] TO:gggg@ttt.com | SUBJECT:RDV confirmé – RDV-HFLVTQ

                
                    Votre demande de rendez-vous RDV-HFLVTQ a bien été confirmé.
                
                Détails du rendez-vous :
                        
                            Date : 05/01/2026
                            Motif : Renonciation
                            Contrat : 12345
                            Ville : ABIDJAN
                        
                        
                            Gestionnaire : AMANI BAH ROMARIC 2
                            Téléphone : 0759178034
                        

                

[2026-01-05 11:55:33] [SENT] TO:amanibahromaric@yahoo.fr | SUBJECT:RDV confirmé – RDV-HFLVTQ

                
                   La demande de Rendez-vous RDV-HFLVTQ - n° 33544 du 05/01/2026 vous a été affectée pour traitement .
                
                
                Détails du rendez-vous :
                        
                            
                                        Nom et Prenom  : KOUAKOU KOUAME YVES
                                        Contact  : 0758407197
                                        Date RDV : 05/01/2026
                                        Motif : Renonciation
                                        Code RDV : RDV-HFLVTQ
                                        Id du contrat : 12345
                                        Ville RDV : ABIDJAN
                                    
                        
                        
                                    
                                        Merci de vous connecter à la plateforme de gestion des RDV pour le traitement.
                                        
                                        
                                            Plateforme de gestion des RDV
                                        
                                        
                                    
                

[2026-01-05 11:55:34] [SENT] TO:gggg@ttt.com | SUBJECT:RDV confirmé – RDV-HFLVTQ

                
                    Votre demande de rendez-vous RDV-HFLVTQ a bien été confirmé.
                
                Détails du rendez-vous :
                        
                            Date : 05/01/2026
                            Motif : Renonciation
                            Contrat : 12345
                            Ville : ABIDJAN
                        
                        
                            Gestionnaire : AMANI BAH ROMARIC 2
                            Téléphone : 0759178034
                        

                

[2026-01-05 11:56:01] [SENT] TO:amanibahromaric@yahoo.fr | SUBJECT:RDV confirmé – RDV-HFLVTQ

                
                   La demande de Rendez-vous RDV-HFLVTQ - n° 33544 du 05/01/2026 vous a été affectée pour traitement .
                
                
                Détails du rendez-vous :
                        
                            
                                        Nom et Prenom  : KOUAKOU KOUAME YVES
                                        Contact  : 0758407197
                                        Date RDV : 05/01/2026
                                        Motif : Renonciation
                                        Code RDV : RDV-HFLVTQ
                                        Id du contrat : 12345
                                        Ville RDV : ABIDJAN
                                    
                        
                        
                                    
                                        Merci de vous connecter à la plateforme de gestion des RDV pour le traitement.
                                        
                                        
                                            Plateforme de gestion des RDV
                                        
                                        
                                    
                

[2026-01-05 11:56:01] [SENT] TO:gggg@ttt.com | SUBJECT:RDV confirmé – RDV-HFLVTQ

                
                    Votre demande de rendez-vous RDV-HFLVTQ a bien été confirmé.
                
                Détails du rendez-vous :
                        
                            Date : 05/01/2026
                            Motif : Renonciation
                            Contrat : 12345
                            Ville : ABIDJAN
                        
                        
                            Gestionnaire : AMANI BAH ROMARIC 2
                            Téléphone : 0759178034
                        

                

[2026-01-05 11:56:33] [SENT] TO:amanibahromaric@yahoo.fr | SUBJECT:RDV confirmé – RDV-HFLVTQ

                
                   La demande de Rendez-vous RDV-HFLVTQ - n° 33544 du 05/01/2026 vous a été affectée pour traitement .
                
                
                Détails du rendez-vous :
                        
                            
                                        Nom et Prenom  : KOUAKOU KOUAME YVES
                                        Contact  : 0758407197
                                        Date RDV : 05/01/2026
                                        Motif : Renonciation
                                        Code RDV : RDV-HFLVTQ
                                        Id du contrat : 12345
                                        Ville RDV : ABIDJAN
                                    
                        
                        
                                    
                                        Merci de vous connecter à la plateforme de gestion des RDV pour le traitement.
                                        
                                        
                                            Plateforme de gestion des RDV
                                        
                                        
                                    
                

[2026-01-05 11:56:33] [SENT] TO:gggg@ttt.com | SUBJECT:RDV confirmé – RDV-HFLVTQ

                
                    Votre demande de rendez-vous RDV-HFLVTQ a bien été confirmé.
                
                Détails du rendez-vous :
                        
                            Date : 05/01/2026
                            Motif : Renonciation
                            Contrat : 12345
                            Ville : ABIDJAN
                        
                        
                            Gestionnaire : AMANI BAH ROMARIC 2
                            Téléphone : 0759178034
                        

                

[2026-01-05 11:57:11] [SENT] TO:amanibahromaric@yahoo.fr | SUBJECT:RDV confirmé – RDV-HFLVTQ

                
                   La demande de Rendez-vous RDV-HFLVTQ - n° 33544 du 05/01/2026 vous a été affectée pour traitement .
                
                
                Détails du rendez-vous :
                        
                            
                                        Nom et Prenom  : KOUAKOU KOUAME YVES
                                        Contact  : 0758407197
                                        Date RDV : 05/01/2026
                                        Motif : Renonciation
                                        Code RDV : RDV-HFLVTQ
                                        Id du contrat : 12345
                                        Ville RDV : ABIDJAN
                                    
                        
                        
                                    
                                        Merci de vous connecter à la plateforme de gestion des RDV pour le traitement.
                                        
                                        
                                            Plateforme de gestion des RDV
                                        
                                        
                                    
                

[2026-01-05 11:57:11] [SENT] TO:gggg@ttt.com | SUBJECT:RDV confirmé – RDV-HFLVTQ

                
                    Votre demande de rendez-vous RDV-HFLVTQ a bien été confirmé.
                
                Détails du rendez-vous :
                        
                            Date : 05/01/2026
                            Motif : Renonciation
                            Contrat : 12345
                            Ville : ABIDJAN
                        
                        
                            Gestionnaire : AMANI BAH ROMARIC 2
                            Téléphone : 0759178034
                        

                

[2026-01-05 11:57:47] [SENT] TO:amanibahromaric@yahoo.fr | SUBJECT:RDV confirmé – RDV-HFLVTQ

                
                   La demande de Rendez-vous RDV-HFLVTQ - n° 33544 du 05/01/2026 vous a été affectée pour traitement .
                
                
                Détails du rendez-vous :
                        
                            
                                        Nom et Prenom  : KOUAKOU KOUAME YVES
                                        Contact  : 0758407197
                                        Date RDV : 05/01/2026
                                        Motif : Renonciation
                                        Code RDV : RDV-HFLVTQ
                                        Id du contrat : 12345
                                        Ville RDV : ABIDJAN
                                    
                        
                        
                                    
                                        Merci de vous connecter à la plateforme de gestion des RDV pour le traitement.
                                        
                                        
                                            Plateforme de gestion des RDV
                                        
                                        
                                    
                

[2026-01-05 11:57:47] [SENT] TO:gggg@ttt.com | SUBJECT:RDV confirmé – RDV-HFLVTQ

                
                    Votre demande de rendez-vous RDV-HFLVTQ a bien été confirmé.
                
                Détails du rendez-vous :
                        
                            Date : 05/01/2026
                            Motif : Renonciation
                            Contrat : 12345
                            Ville : ABIDJAN
                        
                        
                            Gestionnaire : AMANI BAH ROMARIC 2
                            Téléphone : 0759178034
                        

                

[2026-01-05 13:38:51] [SENT] TO:jjj@eee.com | SUBJECT:RDV confirmé – LPZGB

                
                   La demande de Rendez-vous LPZGB - n° 33441 du 07/01/2026 vous a été affectée pour traitement .
                
                
                Détails du rendez-vous :
                        
                            
                                        Nom et Prenom  : ESSI KOUAME
                                        Contact  : 0707614110
                                        Date RDV : 07/01/2026
                                        Motif : Terme
                                        Code RDV : LPZGB
                                        Id du contrat : 2209139
                                        Ville RDV : ABIDJAN
                                    
                        
                        
                                    
                                        Merci de vous connecter à la plateforme de gestion des RDV pour le traitement.
                                        
                                        
                                            Plateforme de gestion des RDV
                                        
                                        
                                    
                

[2026-01-05 13:38:51] [SENT] TO: | SUBJECT:RDV confirmé – LPZGB

                
                    Votre demande de rendez-vous LPZGB a bien été confirmé.
                
                Détails du rendez-vous :
                        
                            Date : 07/01/2026
                            Motif : Terme
                            Contrat : 2209139
                            Ville : ABIDJAN
                        
                        
                            Gestionnaire : NNNNNN RRRRRRRRRR
                            Téléphone : 
                        

                

[2026-01-05 13:48:20] [SENT] TO:amanibahromaric@yahoo.fr | SUBJECT:RDV confirmé – LPZGB

                
                   La demande de Rendez-vous LPZGB - n° 33441 du 09/01/2026 vous a été affectée pour traitement .
                
                
                Détails du rendez-vous :
                        
                            
                                        Nom et Prenom  : ESSI KOUAME
                                        Contact  : 0707614110
                                        Date RDV : 09/01/2026
                                        Motif : Terme
                                        Code RDV : LPZGB
                                        Id du contrat : 2209139
                                        Ville RDV : ABIDJAN
                                    
                        
                        
                                    
                                        Merci de vous connecter à la plateforme de gestion des RDV pour le traitement.
                                        
                                        
                                            Plateforme de gestion des RDV
                                        
                                        
                                    
                

[2026-01-05 13:48:21] [SENT] TO: | SUBJECT:RDV confirmé – LPZGB

                
                    Votre demande de rendez-vous LPZGB a bien été confirmé.
                
                Détails du rendez-vous :
                        
                            Date : 09/01/2026
                            Motif : Terme
                            Contrat : 2209139
                            Ville : ABIDJAN
                        
                        
                            Gestionnaire : AMANI BAH ROMARIC 2
                            Téléphone : 0759178034
                        

                

[2026-01-05 13:48:26] [SENT] TO:amanibahromaric@yahoo.fr | SUBJECT:RDV confirmé – LPZGB

                
                   La demande de Rendez-vous LPZGB - n° 33441 du 09/01/2026 vous a été affectée pour traitement .
                
                
                Détails du rendez-vous :
                        
                            
                                        Nom et Prenom  : ESSI KOUAME
                                        Contact  : 0707614110
                                        Date RDV : 09/01/2026
                                        Motif : Terme
                                        Code RDV : LPZGB
                                        Id du contrat : 2209139
                                        Ville RDV : ABIDJAN
                                    
                        
                        
                                    
                                        Merci de vous connecter à la plateforme de gestion des RDV pour le traitement.
                                        
                                        
                                            Plateforme de gestion des RDV
                                        
                                        
                                    
                

[2026-01-05 13:48:26] [SENT] TO: | SUBJECT:RDV confirmé – LPZGB

                
                    Votre demande de rendez-vous LPZGB a bien été confirmé.
                
                Détails du rendez-vous :
                        
                            Date : 09/01/2026
                            Motif : Terme
                            Contrat : 2209139
                            Ville : ABIDJAN
                        
                        
                            Gestionnaire : AMANI BAH ROMARIC 2
                            Téléphone : 0759178034
                        

                

[2026-01-05 13:48:47] [SENT] TO:amanibahromaric@yahoo.fr | SUBJECT:RDV confirmé – LPZGB

                
                   La demande de Rendez-vous LPZGB - n° 33441 du 09/01/2026 vous a été affectée pour traitement .
                
                
                Détails du rendez-vous :
                        
                            
                                        Nom et Prenom  : ESSI KOUAME
                                        Contact  : 0707614110
                                        Date RDV : 09/01/2026
                                        Motif : Terme
                                        Code RDV : LPZGB
                                        Id du contrat : 2209139
                                        Ville RDV : ABIDJAN
                                    
                        
                        
                                    
                                        Merci de vous connecter à la plateforme de gestion des RDV pour le traitement.
                                        
                                        
                                            Plateforme de gestion des RDV
                                        
                                        
                                    
                

[2026-01-05 13:48:47] [SENT] TO: | SUBJECT:RDV confirmé – LPZGB

                
                    Votre demande de rendez-vous LPZGB a bien été confirmé.
                
                Détails du rendez-vous :
                        
                            Date : 09/01/2026
                            Motif : Terme
                            Contrat : 2209139
                            Ville : ABIDJAN
                        
                        
                            Gestionnaire : AMANI BAH ROMARIC 2
                            Téléphone : 0759178034
                        

                

