2025-05-16 12:39:59|2250758407197|YAKO AFRICA| Cher client ! votre prestation n° PREST-YRF91 a bien été acceptée.
 Vous pouvez consulter votre prestation sur votre espace personnel.
Merci de nous faire| result = "{\"messages\":[{\"messageId\":\"4473991999324335563516\",\"status\":{\"description\":\"Message sent to next instance\",\"groupId\":1,\"groupName\":\"PENDING\",\"id\":26,\"name\":\"PENDING_ACCEPTED\"},\"to\":\"2250758407197\"}]}": 
2025-05-16 12:44:51|2250758407197|YAKO AFRICA| Cher client ! votre prestation n° PREST-YRF91 a bien été acceptée.
 Vous pouvez consulter desormais consulter l'etat sur votre espace personnel. urlr.me/9Z| result = "{\"requestError\":{\"serviceException\":{\"messageId\":\"SVC0004\",\"text\":\"No valid addresses provided in message part %1\",\"variables\":[\"senderAddress in body 'tel:+YAKO AFRICA' is different from the one in the request 'tel:+YAKO+AFRICA'\"]}}}": 
2025-05-16 12:45:09|2250758407197|YAKO AFRICA| Cher client ! votre prestation n° PREST-YRF91 a bien été acceptée.
 Vous pouvez consulter desormais consulter l'etat sur votre espace personnel. urlr.me/9Z| result = "{\"requestError\":{\"serviceException\":{\"messageId\":\"SVC0004\",\"text\":\"No valid addresses provided in message part %1\",\"variables\":[\"senderAddress in body 'tel:+YAKO AFRICA' is different from the one in the request 'tel:+YAKO+AFRICA'\"]}}}": 
2025-05-16 12:45:28|2250758407197|YAKO AFRICA| Cher client ! votre prestation n° PREST-YRF91 a bien été acceptée.
 Vous pouvez consulter desormais consulter l'etat sur votre espace personnel. urlr.me/9Z| result = "{\"messages\":[{\"messageId\":\"4473995288784335317358\",\"status\":{\"description\":\"Message sent to next instance\",\"groupId\":1,\"groupName\":\"PENDING\",\"id\":26,\"name\":\"PENDING_ACCEPTED\"},\"to\":\"2250758407197\"}]}": 
2025-05-16 12:45:30|2250758407197|YAKO AFRICA| Cher client ! votre prestation n° PREST-YRF91 a bien été acceptée.
 Vous pouvez consulter desormais consulter l'etat sur votre espace personnel. urlr.me/9Z| result = "{\"requestError\":{\"serviceException\":{\"messageId\":\"SVC0004\",\"text\":\"No valid addresses provided in message part %1\",\"variables\":[\"senderAddress in body 'tel:+YAKO AFRICA' is different from the one in the request 'tel:+YAKO+AFRICA'\"]}}}": 
2025-05-16 12:57:50|2250758407197|0000| Cher client(e), votre prestation n° PREST-YRF91 a été acceptée.
 Consultez son état sur votre espace personnel : urlr.me/9ZXGSr| result = "{\"outboundSMSMessageRequest\":{\"address\":[\"tel:+2250758407197\"],\"senderAddress\":\"tel:+0000\",\"outboundSMSTextMessage\":{\"message\":\"Cher client(e), votre prestation n\u00b0 PREST-YRF91 a \u00e9t\u00e9 accept\u00e9e.\\r\\n Consultez son \u00e9tat sur votre espace personnel : urlr.me\/9ZXGSr\"},\"resourceURL\":\"https:\/\/api.orange.com\/smsmessaging\/v1\/outbound\/tel:+0000\/requests\/1791f8b5-10f7-4d30-b0ab-6cd95c2da677\"}}": 
2025-05-16 13:02:17|2250758407197|0000| Cher client(e), votre prestation n° PREST-YRF91 a été acceptée.
 Consultez son état sur votre espace personnel : urlr.me/9ZXGSr| result = "{\"outboundSMSMessageRequest\":{\"address\":[\"tel:+2250758407197\"],\"senderAddress\":\"tel:+0000\",\"outboundSMSTextMessage\":{\"message\":\"Cher client(e), votre prestation n\u00b0 PREST-YRF91 a \u00e9t\u00e9 accept\u00e9e.\\r\\n Consultez son \u00e9tat sur votre espace personnel : urlr.me\/9ZXGSr\"},\"resourceURL\":\"https:\/\/api.orange.com\/smsmessaging\/v1\/outbound\/tel:+0000\/requests\/6ee177d4-c486-46b2-a69e-9e0216ccab66\"}}": 
2025-05-19 11:53:38|2250758407197|0000| Cher client(e), votre prestation n° PREST-ZEA44 a été acceptée.
 Consultez son état sur votre espace personnel : urlr.me/9ZXGSr| result = "{\"outboundSMSMessageRequest\":{\"address\":[\"tel:+2250758407197\"],\"senderAddress\":\"tel:+0000\",\"outboundSMSTextMessage\":{\"message\":\"Cher client(e), votre prestation n\u00b0 PREST-ZEA44 a \u00e9t\u00e9 accept\u00e9e.\\r\\n Consultez son \u00e9tat sur votre espace personnel : urlr.me\/9ZXGSr\"},\"resourceURL\":\"https:\/\/api.orange.com\/smsmessaging\/v1\/outbound\/tel:+0000\/requests\/b78eab41-a837-40ce-ac1b-759de5a39941\"}}": 
2025-05-19 12:01:04|2250758407197|0000| Cher client(e), votre prestation n° PREST-VUJ32 a été acceptée.
 Consultez son état sur votre espace personnel : urlr.me/9ZXGSr| result = "{\"outboundSMSMessageRequest\":{\"address\":[\"tel:+2250758407197\"],\"senderAddress\":\"tel:+0000\",\"outboundSMSTextMessage\":{\"message\":\"Cher client(e), votre prestation n\u00b0 PREST-VUJ32 a \u00e9t\u00e9 accept\u00e9e.\\r\\n Consultez son \u00e9tat sur votre espace personnel : urlr.me\/9ZXGSr\"},\"resourceURL\":\"https:\/\/api.orange.com\/smsmessaging\/v1\/outbound\/tel:+0000\/requests\/455dbc4c-e830-4910-9671-29b1ed440a09\"}}": 
2025-05-23 14:54:29|2250758407197|0000| Cher client(e), votre prestation n° PREST-ZGY63 a été acceptée.
 Consultez son état sur votre espace personnel : urlr.me/9ZXGSr| result = "{\"outboundSMSMessageRequest\":{\"address\":[\"tel:+2250758407197\"],\"senderAddress\":\"tel:+0000\",\"outboundSMSTextMessage\":{\"message\":\"Cher client(e), votre prestation n\u00b0 PREST-ZGY63 a \u00e9t\u00e9 accept\u00e9e.\\r\\n Consultez son \u00e9tat sur votre espace personnel : urlr.me\/9ZXGSr\"},\"resourceURL\":\"https:\/\/api.orange.com\/smsmessaging\/v1\/outbound\/tel:+0000\/requests\/b698bcd0-a3fc-4de9-8b58-a252c459219e\"}}": 
2025-05-23 14:54:30|2250758817235|YAKO AFRICA| Cher client(e), votre prestation n° PREST-ZGY63 a été acceptée.
 Consultez son état sur votre espace personnel : urlr.me/9ZXGSr| result = "{\"messages\":[{\"messageId\":\"4480120703444335215861\",\"status\":{\"description\":\"Message sent to next instance\",\"groupId\":1,\"groupName\":\"PENDING\",\"id\":26,\"name\":\"PENDING_ACCEPTED\"},\"to\":\"2250758817235\"}]}": 
2025-05-30 16:44:07|2250758407197|YAKO AFRICA| Cher(e) client(e), votre RDV est prévu le 03/07/2025. Un conseiller vous recevra. Pour plus d'informations, contactez le +2252720331500. | result = "{\"messages\":[{\"messageId\":\"4486234471804335277366\",\"status\":{\"description\":\"Message sent to next instance\",\"groupId\":1,\"groupName\":\"PENDING\",\"id\":26,\"name\":\"PENDING_ACCEPTED\"},\"to\":\"2250758407197\"}]}": 
2025-05-30 16:46:02|2250758407197|YAKO AFRICA| Cher(e) client(e), votre RDV est prévu le 03/07/2025 à ABIDJAN . Un conseiller vous recevra. Pour plus d'informations, contactez le +2252720331500. | result = "{\"messages\":[{\"messageId\":\"4486235620934335884694\",\"status\":{\"description\":\"Message sent to next instance\",\"groupId\":1,\"groupName\":\"PENDING\",\"id\":26,\"name\":\"PENDING_ACCEPTED\"},\"to\":\"2250758407197\"}]}": 
2025-05-30 16:48:00|2250758407197|0000| Cher(e) client(e), votre RDV est prévu le 03/07/2025 à ABIDJAN . Un conseiller vous recevra. Pour plus d'informations, contactez le +2252720331500. | result = "{\"outboundSMSMessageRequest\":{\"address\":[\"tel:+2250758407197\"],\"senderAddress\":\"tel:+0000\",\"outboundSMSTextMessage\":{\"message\":\"Cher(e) client(e), votre RDV est pr\u00e9vu le 03\/07\/2025 \u00e0 ABIDJAN . Un conseiller vous recevra. Pour plus d'informations, contactez le +2252720331500. \"},\"resourceURL\":\"https:\/\/api.orange.com\/smsmessaging\/v1\/outbound\/tel:+0000\/requests\/2a2a2b3d-0ed1-42d7-9320-80fbbe2665aa\"}}": 
2025-05-30 16:54:41|2250758407197|0000| Cher(e) client(e), votre RDV est prévu le 03/07/2025 à ABIDJAN . Un conseiller vous recevra. Pour plus d'informations, contactez le +2252720331500. | result = "{\"outboundSMSMessageRequest\":{\"address\":[\"tel:+2250758407197\"],\"senderAddress\":\"tel:+0000\",\"outboundSMSTextMessage\":{\"message\":\"Cher(e) client(e), votre RDV est pr\u00e9vu le 03\/07\/2025 \u00e0 ABIDJAN . Un conseiller vous recevra. Pour plus d'informations, contactez le +2252720331500. \"},\"resourceURL\":\"https:\/\/api.orange.com\/smsmessaging\/v1\/outbound\/tel:+0000\/requests\/81b6b4a4-531e-4245-8b7e-b4ac5d7a7cd5\"}}": 
2026-01-05 10:59:04|2250758407197|YAKO AFRICA| Cher(e) client(e), suite à votre demande de rendez-vous, un conseiller vous recevra le .
Pour toute information complémentaire, veuillez contacter le 0759178| result = "{\"messages\":[{\"messageId\":\"4676107811877950482799\",\"status\":{\"description\":\"Message sent to next instance\",\"groupId\":1,\"groupName\":\"PENDING\",\"id\":26,\"name\":\"PENDING_ACCEPTED\"},\"to\":\"2250758407197\"}]}": 
2026-01-05 11:00:03|2250758407197|YAKO AFRICA| Cher(e) client(e), suite à votre demande de rendez-vous, un conseiller vous recevra le 05/01/2026.
Pour toute information complémentaire, veuillez contacter | result = "{\"messages\":[{\"messageId\":\"4676108401297951403274\",\"status\":{\"description\":\"Message sent to next instance\",\"groupId\":1,\"groupName\":\"PENDING\",\"id\":26,\"name\":\"PENDING_ACCEPTED\"},\"to\":\"2250758407197\"}]}": 
